<?xml version="1.0" encoding="UTF-8"?>
<!-- Generated by org.testng.reporters.JUnitReportReporter -->
<testsuite name="com.qa.cleartrip.regression.ClearTripLandingPageTest" tests="2" time="83.913" ignored="0" failures="0" timestamp="30 Jul 2019 10:22:16 GMT" skipped="0" hostname="OJAS00019" errors="0">
  <testcase name="testingSearchHotels" time="64.887" classname="com.qa.cleartrip.regression.ClearTripLandingPageTest"/>
  <testcase name="testingSearchFlights" time="19.026" classname="com.qa.cleartrip.regression.ClearTripLandingPageTest"/>
</testsuite> <!-- com.qa.cleartrip.regression.ClearTripLandingPageTest -->
